<?xml version="1.0" encoding="UTF-8"?>
<testsuite name="com.bma.algorithms.sort.merge.BottomUpMergeSortTest" tests="1" skipped="0" failures="0" errors="0" timestamp="2020-05-06T18:50:07" hostname="Varuns-MacBook-Pro.local" time="66.522">
  <properties/>
  <testcase name="longTestForSortingArray" classname="com.bma.algorithms.sort.merge.BottomUpMergeSortTest" time="66.522"/>
  <system-out><![CDATA[]]></system-out>
  <system-err><![CDATA[]]></system-err>
</testsuite>
